TN:
SF:src/server.ts
FN:24,(anonymous_8)
FN:25,(anonymous_9)
FN:25,(anonymous_10)
FN:38,(anonymous_11)
FN:39,(anonymous_12)
FNF:5
FNH:3
FNDA:1,(anonymous_8)
FNDA:1,(anonymous_9)
FNDA:1,(anonymous_10)
FNDA:0,(anonymous_11)
FNDA:0,(anonymous_12)
DA:2,1
DA:3,1
DA:4,1
DA:5,1
DA:6,1
DA:7,1
DA:8,1
DA:9,1
DA:10,1
DA:13,1
DA:14,1
DA:15,1
DA:18,1
DA:21,1
DA:22,1
DA:24,1
DA:25,1
DA:26,1
DA:27,1
DA:30,1
DA:31,0
DA:32,0
DA:33,0
DA:36,1
DA:37,1
DA:38,1
DA:39,1
DA:42,1
DA:43,1
DA:44,1
DA:47,1
DA:61,1
DA:64,1
DA:67,1
DA:68,1
DA:69,1
DA:71,1
DA:73,1
DA:75,1
DA:77,0
DA:78,0
DA:83,1
LF:42
LH:37
BRDA:30,0,0,0
BRDA:50,1,0,1
BRDA:50,1,1,0
BRF:3
BRH:1
end_of_record
TN:
SF:src/config/passport.ts
FN:15,(anonymous_8)
FN:15,(anonymous_9)
FN:71,(anonymous_10)
FN:71,(anonymous_11)
FN:122,(anonymous_12)
FN:126,(anonymous_13)
FN:126,(anonymous_14)
FNF:7
FNH:0
FNDA:0,(anonymous_8)
FNDA:0,(anonymous_9)
FNDA:0,(anonymous_10)
FNDA:0,(anonymous_11)
FNDA:0,(anonymous_12)
FNDA:0,(anonymous_13)
FNDA:0,(anonymous_14)
DA:2,1
DA:3,1
DA:4,1
DA:5,1
DA:8,1
DA:15,0
DA:16,0
DA:17,0
DA:20,0
DA:22,0
DA:23,0
DA:27,0
DA:28,0
DA:29,0
DA:31,0
DA:33,0
DA:34,0
DA:35,0
DA:40,0
DA:44,0
DA:47,0
DA:54,0
DA:56,0
DA:57,0
DA:63,1
DA:71,0
DA:72,0
DA:74,0
DA:77,0
DA:79,0
DA:80,0
DA:84,0
DA:85,0
DA:86,0
DA:88,0
DA:90,0
DA:91,0
DA:92,0
DA:95,0
DA:99,0
DA:103,0
DA:106,0
DA:113,0
DA:115,0
DA:116,0
DA:122,1
DA:123,0
DA:126,1
DA:127,0
DA:128,0
DA:129,0
DA:131,0
DA:135,1
LF:53
LH:9
BRDA:9,0,0,1
BRDA:9,0,1,0
BRDA:10,1,0,1
BRDA:10,1,1,0
BRDA:11,2,0,1
BRDA:11,2,1,0
BRDA:22,3,0,0
BRDA:27,4,0,0
BRDA:27,5,0,0
BRDA:27,5,1,0
BRDA:31,6,0,0
BRDA:40,7,0,0
BRDA:40,7,1,0
BRDA:40,8,0,0
BRDA:40,8,1,0
BRDA:44,9,0,0
BRDA:44,9,1,0
BRDA:64,10,0,1
BRDA:64,10,1,0
BRDA:65,11,0,1
BRDA:65,11,1,0
BRDA:66,12,0,1
BRDA:66,12,1,0
BRDA:79,13,0,0
BRDA:84,14,0,0
BRDA:84,14,1,0
BRDA:84,15,0,0
BRDA:84,15,1,0
BRDA:88,16,0,0
BRDA:99,17,0,0
BRDA:99,17,1,0
BRDA:99,18,0,0
BRDA:99,18,1,0
BRDA:103,19,0,0
BRDA:103,19,1,0
BRF:35
BRH:6
end_of_record
TN:
SF:src/controllers/aiController.ts
FN:5,(anonymous_8)
FN:5,(anonymous_9)
FNF:2
FNH:0
FNDA:0,(anonymous_8)
FNDA:0,(anonymous_9)
DA:3,1
DA:5,1
DA:6,0
DA:7,0
DA:8,0
DA:10,0
DA:11,0
DA:15,0
DA:17,0
DA:18,0
DA:21,0
DA:22,0
DA:24,0
DA:25,0
DA:27,0
DA:29,0
DA:30,0
LF:17
LH:2
BRDA:10,0,0,0
BRDA:17,1,0,0
BRDA:17,2,0,0
BRDA:17,2,1,0
BRDA:30,3,0,0
BRDA:30,3,1,0
BRF:6
BRH:0
end_of_record
TN:
SF:src/controllers/authController.ts
FN:42,(anonymous_8)
FN:42,(anonymous_9)
FN:101,(anonymous_10)
FN:101,(anonymous_11)
FN:162,(anonymous_12)
FN:162,(anonymous_13)
FN:209,(anonymous_14)
FN:209,(anonymous_15)
FN:239,(anonymous_16)
FN:271,(anonymous_17)
FN:271,(anonymous_18)
FN:280,(anonymous_19)
FN:296,(anonymous_20)
FN:296,(anonymous_21)
FN:322,(anonymous_22)
FN:322,(anonymous_23)
FN:367,(anonymous_24)
FN:367,(anonymous_25)
FN:412,(anonymous_26)
FN:455,(anonymous_27)
FNF:20
FNH:6
FNDA:1,(anonymous_8)
FNDA:1,(anonymous_9)
FNDA:1,(anonymous_10)
FNDA:1,(anonymous_11)
FNDA:0,(anonymous_12)
FNDA:0,(anonymous_13)
FNDA:0,(anonymous_14)
FNDA:0,(anonymous_15)
FNDA:0,(anonymous_16)
FNDA:0,(anonymous_17)
FNDA:0,(anonymous_18)
FNDA:0,(anonymous_19)
FNDA:0,(anonymous_20)
FNDA:0,(anonymous_21)
FNDA:0,(anonymous_22)
FNDA:0,(anonymous_23)
FNDA:0,(anonymous_24)
FNDA:0,(anonymous_25)
FNDA:3,(anonymous_26)
FNDA:3,(anonymous_27)
DA:4,1
DA:5,1
DA:24,1
DA:36,1
DA:42,1
DA:43,1
DA:44,1
DA:47,1
DA:48,1
DA:49,1
DA:50,1
DA:54,0
DA:62,0
DA:63,0
DA:64,0
DA:67,0
DA:74,0
DA:81,0
DA:82,0
DA:85,0
DA:87,0
DA:96,0
DA:97,0
DA:101,1
DA:102,1
DA:103,1
DA:104,1
DA:105,0
DA:106,0
DA:110,1
DA:111,0
DA:112,0
DA:115,1
DA:116,1
DA:117,0
DA:118,0
DA:121,1
DA:122,0
DA:123,0
DA:127,1
DA:134,1
DA:141,1
DA:142,1
DA:143,1
DA:146,1
DA:148,1
DA:157,0
DA:158,0
DA:162,1
DA:163,0
DA:165,0
DA:167,0
DA:168,0
DA:169,0
DA:173,0
DA:175,0
DA:176,0
DA:177,0
DA:181,0
DA:184,0
DA:185,0
DA:187,0
DA:192,0
DA:195,0
DA:204,0
DA:205,0
DA:209,1
DA:210,0
DA:212,0
DA:214,0
DA:215,0
DA:216,0
DA:219,0
DA:220,0
DA:221,0
DA:225,0
DA:228,0
DA:233,0
DA:234,0
DA:235,0
DA:239,0
DA:242,0
DA:248,0
DA:255,0
DA:256,0
DA:259,0
DA:261,0
DA:266,0
DA:267,0
DA:271,1
DA:272,0
DA:274,0
DA:276,0
DA:278,0
DA:279,0
DA:280,0
DA:281,0
DA:286,0
DA:288,0
DA:290,0
DA:291,0
DA:296,1
DA:297,0
DA:299,0
DA:301,0
DA:302,0
DA:303,0
DA:307,0
DA:309,0
DA:310,0
DA:311,0
DA:314,0
DA:316,0
DA:317,0
DA:322,1
DA:323,0
DA:325,0
DA:327,0
DA:328,0
DA:329,0
DA:332,0
DA:333,0
DA:334,0
DA:338,0
DA:344,0
DA:351,0
DA:352,0
DA:353,0
DA:356,0
DA:359,0
DA:360,0
DA:362,0
DA:363,0
DA:367,1
DA:368,0
DA:370,0
DA:372,0
DA:373,0
DA:374,0
DA:377,0
DA:378,0
DA:379,0
DA:383,0
DA:389,0
DA:396,0
DA:397,0
DA:398,0
DA:401,0
DA:404,0
DA:405,0
DA:407,0
DA:408,0
DA:412,1
DA:413,3
DA:415,3
DA:416,3
DA:418,3
DA:420,3
DA:421,0
DA:422,3
DA:423,3
DA:428,3
DA:430,0
DA:431,0
DA:432,0
DA:435,0
DA:436,0
DA:437,0
DA:438,0
DA:439,0
DA:445,3
DA:446,0
DA:447,0
DA:450,3
DA:451,0
DA:452,0
DA:455,3
DA:456,3
DA:457,0
DA:458,0
DA:460,3
DA:461,3
DA:464,0
DA:465,0
DA:469,1
DA:480,1
LF:186
LH:49
BRDA:27,0,0,0
BRDA:27,0,1,1
BRDA:48,1,0,1
BRDA:62,2,0,0
BRDA:70,3,0,0
BRDA:70,3,1,0
BRDA:77,4,0,0
BRDA:77,4,1,0
BRDA:104,5,0,0
BRDA:110,6,0,0
BRDA:116,7,0,0
BRDA:121,8,0,0
BRDA:130,9,0,1
BRDA:130,9,1,0
BRDA:137,10,0,1
BRDA:137,10,1,0
BRDA:141,11,0,1
BRDA:141,11,1,0
BRDA:167,12,0,0
BRDA:175,13,0,0
BRDA:185,14,0,0
BRDA:212,15,0,0
BRDA:212,15,1,0
BRDA:214,16,0,0
BRDA:219,17,0,0
BRDA:233,18,0,0
BRDA:239,19,0,0
BRDA:239,19,1,0
BRDA:239,20,0,0
BRDA:239,20,1,0
BRDA:239,21,0,0
BRDA:239,21,1,0
BRDA:245,22,0,0
BRDA:245,22,1,0
BRDA:251,23,0,0
BRDA:251,23,1,0
BRDA:274,24,0,0
BRDA:274,24,1,0
BRDA:276,25,0,0
BRDA:279,26,0,0
BRDA:280,27,0,0
BRDA:280,27,1,0
BRDA:280,28,0,0
BRDA:280,28,1,0
BRDA:280,29,0,0
BRDA:280,29,1,0
BRDA:301,30,0,0
BRDA:309,31,0,0
BRDA:327,32,0,0
BRDA:327,33,0,0
BRDA:327,33,1,0
BRDA:328,34,0,0
BRDA:328,34,1,0
BRDA:332,35,0,0
BRDA:333,36,0,0
BRDA:333,36,1,0
BRDA:341,37,0,0
BRDA:341,37,1,0
BRDA:347,38,0,0
BRDA:347,38,1,0
BRDA:351,39,0,0
BRDA:351,39,1,0
BRDA:359,40,0,0
BRDA:359,40,1,0
BRDA:363,41,0,0
BRDA:363,41,1,0
BRDA:372,42,0,0
BRDA:372,43,0,0
BRDA:372,43,1,0
BRDA:373,44,0,0
BRDA:373,44,1,0
BRDA:377,45,0,0
BRDA:378,46,0,0
BRDA:378,46,1,0
BRDA:386,47,0,0
BRDA:386,47,1,0
BRDA:392,48,0,0
BRDA:392,48,1,0
BRDA:396,49,0,0
BRDA:396,49,1,0
BRDA:404,50,0,0
BRDA:404,50,1,0
BRDA:408,51,0,0
BRDA:408,51,1,0
BRDA:418,52,0,3
BRDA:420,53,0,0
BRDA:420,53,1,3
BRDA:422,54,0,3
BRDA:428,55,0,0
BRDA:428,56,0,3
BRDA:428,56,1,0
BRDA:430,57,0,0
BRDA:445,58,0,0
BRDA:450,59,0,0
BRDA:456,60,0,0
BRF:95
BRH:9
end_of_record
TN:
SF:src/controllers/baseController.ts
FN:6,(anonymous_7)
FN:10,(anonymous_8)
FN:25,(anonymous_10)
FN:40,(anonymous_12)
FN:50,(anonymous_14)
FN:66,(anonymous_16)
FNF:6
FNH:3
FNDA:2,(anonymous_7)
FNDA:3,(anonymous_8)
FNDA:3,(anonymous_10)
FNDA:0,(anonymous_12)
FNDA:0,(anonymous_14)
FNDA:0,(anonymous_16)
DA:7,2
DA:11,3
DA:12,3
DA:13,3
DA:14,1
DA:15,1
DA:17,2
DA:18,2
DA:21,0
DA:26,3
DA:28,3
DA:29,3
DA:30,2
DA:31,1
DA:33,1
DA:36,1
DA:41,0
DA:42,0
DA:43,0
DA:44,0
DA:46,0
DA:51,0
DA:52,0
DA:53,0
DA:54,0
DA:55,0
DA:56,0
DA:57,0
DA:59,0
DA:62,0
DA:67,0
DA:68,0
DA:69,0
DA:70,0
DA:72,0
DA:77,1
LF:36
LH:16
BRDA:13,0,0,1
BRDA:13,0,1,2
BRDA:30,1,0,1
BRDA:30,1,1,1
BRDA:56,2,0,0
BRDA:56,2,1,0
BRF:6
BRH:4
end_of_record
TN:
SF:src/controllers/commentController.ts
FN:8,(anonymous_8)
FN:12,(anonymous_9)
FN:38,(anonymous_11)
FN:50,(anonymous_13)
FNF:4
FNH:3
FNDA:1,(anonymous_8)
FNDA:2,(anonymous_9)
FNDA:0,(anonymous_11)
FNDA:1,(anonymous_13)
DA:3,1
DA:4,1
DA:5,1
DA:9,1
DA:13,2
DA:14,2
DA:15,2
DA:17,2
DA:23,2
DA:24,2
DA:27,0
DA:32,0
DA:34,2
DA:39,0
DA:40,0
DA:41,0
DA:44,0
DA:46,0
DA:51,1
DA:52,1
DA:53,1
DA:55,1
DA:57,1
DA:58,0
DA:59,0
DA:63,1
DA:64,1
DA:65,1
DA:69,0
DA:74,0
DA:75,0
DA:77,0
DA:82,1
LF:33
LH:20
BRDA:57,0,0,0
BRDA:63,1,0,1
BRF:2
BRH:1
end_of_record
TN:
SF:src/controllers/postController.ts
FN:7,(anonymous_8)
FN:11,(anonymous_9)
FN:33,(anonymous_12)
FN:64,(anonymous_15)
FN:75,(anonymous_17)
FN:101,(anonymous_19)
FNF:6
FNH:1
FNDA:1,(anonymous_8)
FNDA:0,(anonymous_9)
FNDA:0,(anonymous_12)
FNDA:0,(anonymous_15)
FNDA:0,(anonymous_17)
FNDA:0,(anonymous_19)
DA:3,1
DA:4,1
DA:8,1
DA:12,0
DA:15,0
DA:17,0
DA:25,0
DA:26,0
DA:27,0
DA:29,0
DA:34,0
DA:35,0
DA:36,0
DA:39,0
DA:40,0
DA:41,0
DA:42,0
DA:46,0
DA:47,0
DA:48,0
DA:52,0
DA:53,0
DA:54,0
DA:57,0
DA:59,0
DA:65,0
DA:66,0
DA:67,0
DA:68,0
DA:70,0
DA:76,0
DA:77,0
DA:78,0
DA:79,0
DA:81,0
DA:86,0
DA:87,0
DA:89,0
DA:96,0
DA:102,0
DA:103,0
DA:104,0
DA:106,0
DA:107,0
DA:108,0
DA:109,0
DA:112,0
DA:114,0
DA:116,0
DA:119,0
DA:122,0
DA:123,0
DA:125,0
DA:129,1
LF:54
LH:4
BRDA:15,0,0,0
BRDA:15,0,1,0
BRDA:40,1,0,0
BRDA:46,2,0,0
BRDA:52,3,0,0
BRDA:77,4,0,0
BRDA:77,4,1,0
BRDA:78,5,0,0
BRDA:78,5,1,0
BRDA:107,6,0,0
BRDA:114,7,0,0
BRDA:114,7,1,0
BRF:12
BRH:0
end_of_record
TN:
SF:src/models/commentModel.ts
FNF:0
FNH:0
DA:1,1
DA:2,1
DA:11,1
DA:26,1
DA:28,1
LF:5
LH:5
BRF:0
BRH:0
end_of_record
TN:
SF:src/models/postModel.ts
FNF:0
FNH:0
DA:1,1
DA:2,1
DA:13,1
DA:40,1
DA:42,1
LF:5
LH:5
BRF:0
BRH:0
end_of_record
TN:
SF:src/models/userModel.ts
FN:31,(anonymous_8)
FN:65,(anonymous_9)
FN:82,(anonymous_11)
FNF:3
FNH:3
FNDA:1,(anonymous_8)
FNDA:1,(anonymous_9)
FNDA:1,(anonymous_11)
DA:1,1
DA:2,1
DA:18,1
DA:33,1
DA:65,1
DA:67,1
DA:68,1
DA:71,0
DA:73,0
DA:74,0
DA:75,0
DA:77,0
DA:82,1
DA:83,1
DA:84,1
DA:87,1
DA:89,1
LF:17
LH:12
BRDA:33,0,0,1
BRDA:33,0,1,1
BRDA:67,1,0,1
BRDA:67,2,0,1
BRDA:67,2,1,0
BRDA:83,3,0,0
BRF:6
BRH:4
end_of_record
TN:
SF:src/routes/aiRoutes.ts
FNF:0
FNH:0
DA:2,1
DA:3,1
DA:5,1
DA:8,1
DA:10,1
LF:5
LH:5
BRF:0
BRH:0
end_of_record
TN:
SF:src/routes/authRoutes.ts
FN:223,(anonymous_10)
FNF:1
FNH:0
FNDA:0,(anonymous_10)
DA:1,1
DA:2,1
DA:3,1
DA:4,1
DA:6,1
DA:43,1
DA:70,1
DA:103,1
DA:127,1
DA:139,1
DA:153,1
DA:165,1
DA:179,1
DA:198,1
DA:212,1
DA:222,1
DA:223,1
DA:224,0
DA:225,0
DA:226,0
DA:227,0
DA:231,0
DA:234,0
DA:241,0
DA:242,0
DA:243,0
DA:245,0
DA:246,0
DA:251,1
LF:29
LH:18
BRDA:183,0,0,1
BRDA:183,0,1,0
BRDA:216,1,0,1
BRDA:216,1,1,0
BRDA:222,2,0,1
BRDA:225,3,0,0
BRDA:241,4,0,0
BRDA:241,4,1,0
BRF:8
BRH:3
end_of_record
TN:
SF:src/routes/commentsRoutes.ts
FNF:0
FNH:0
DA:1,1
DA:2,1
DA:3,1
DA:4,1
DA:184,1
DA:185,1
DA:186,1
DA:187,1
DA:188,1
DA:189,1
DA:191,1
LF:11
LH:11
BRF:0
BRH:0
end_of_record
TN:
SF:src/routes/fileRoutes.ts
FN:20,(anonymous_1)
FN:23,(anonymous_2)
FN:44,(anonymous_3)
FN:56,(anonymous_4)
FNF:4
FNH:0
FNDA:0,(anonymous_1)
FNDA:0,(anonymous_2)
FNDA:0,(anonymous_3)
FNDA:0,(anonymous_4)
DA:3,1
DA:4,1
DA:5,1
DA:6,1
DA:9,1
DA:12,1
DA:13,1
DA:14,1
DA:15,0
DA:19,1
DA:21,0
DA:25,0
DA:27,0
DA:28,0
DA:31,0
DA:32,0
DA:33,0
DA:39,1
DA:46,0
DA:47,0
DA:48,0
DA:50,0
DA:56,1
DA:57,0
DA:58,0
DA:59,0
DA:60,0
DA:63,0
DA:64,0
DA:65,0
DA:66,0
DA:68,0
DA:70,0
DA:78,0
DA:79,0
DA:83,1
LF:36
LH:12
BRDA:14,0,0,0
BRDA:27,1,0,0
BRDA:27,1,1,0
BRDA:31,2,0,0
BRDA:31,2,1,0
BRDA:47,3,0,0
BRDA:47,3,1,0
BRDA:58,4,0,0
BRDA:63,5,0,0
BRDA:63,5,1,0
BRDA:63,5,2,0
BRDA:64,6,0,0
BRDA:64,6,1,0
BRF:13
BRH:0
end_of_record
TN:
SF:src/routes/postsRoutes.ts
FNF:0
FNH:0
DA:1,1
DA:2,1
DA:3,1
DA:4,1
DA:162,1
DA:163,1
DA:164,1
DA:165,1
DA:166,1
DA:167,1
DA:168,1
DA:170,1
LF:12
LH:12
BRF:0
BRH:0
end_of_record
TN:
SF:src/services/aiService.ts
FN:16,(anonymous_8)
FN:64,(anonymous_10)
FNF:2
FNH:0
FNDA:0,(anonymous_8)
FNDA:0,(anonymous_10)
DA:3,1
DA:4,1
DA:7,1
DA:8,1
DA:9,1
DA:11,1
DA:13,1
DA:17,0
DA:18,0
DA:20,0
DA:22,0
DA:25,0
DA:27,0
DA:33,0
DA:34,0
DA:36,0
DA:37,0
DA:38,0
DA:41,0
DA:43,0
DA:45,0
DA:48,0
DA:49,0
DA:50,0
DA:51,0
DA:52,0
DA:54,0
DA:55,0
DA:58,0
DA:59,0
DA:65,0
DA:66,0
DA:67,0
DA:69,0
DA:73,1
LF:35
LH:8
BRDA:9,0,0,1
BRDA:9,0,1,0
BRDA:13,1,0,1
BRDA:13,1,1,0
BRDA:36,2,0,0
BRDA:36,3,0,0
BRDA:36,3,1,0
BRDA:45,4,0,0
BRDA:45,4,1,0
BRDA:52,5,0,0
BRDA:52,5,1,0
BRDA:65,6,0,0
BRF:12
BRH:2
end_of_record
